  [1m[35m (712.0ms)[0m  [1m[35mCREATE DATABASE "people_in_houses_development" ENCODING = 'unicode'[0m
  ↳ bin/rails:9
  [1m[35m (411.9ms)[0m  [1m[35mCREATE DATABASE "people_in_houses_test" ENCODING = 'unicode'[0m
  ↳ bin/rails:9
  [1m[35m (49.6ms)[0m  [1m[35mCREATE TABLE "schema_migrations" ("version" character varying NOT NULL PRIMARY KEY)[0m
  ↳ bin/rails:9
  [1m[35m (6.0ms)[0m  [1m[35mCREATE TABLE "ar_internal_metadata" ("key" character varying NOT NULL PRIMARY KEY, "value" character varying, "created_at" timestamp NOT NULL, "updated_at" timestamp NOT NULL)[0m
  ↳ bin/rails:9
  [1m[35m (1.4ms)[0m  [1m[34mSELECT pg_try_advisory_lock(8115231331911518325)[0m
  ↳ bin/rails:9
  [1m[35m (1.9ms)[0m  [1m[34mSELECT "schema_migrations"."version" FROM "schema_migrations" ORDER BY "schema_migrations"."version" ASC[0m
  ↳ bin/rails:9
Migrating to CreatePeopleTable (20181212033734)
  [1m[35m (0.7ms)[0m  [1m[35mBEGIN[0m
  ↳ bin/rails:9
  [1m[35m (17.0ms)[0m  [1m[35mCREATE TABLE "people" ("id" bigserial primary key, "name" character varying NOT NULL, "house_id" integer NOT NULL, "created_at" timestamp NOT NULL, "updated_at" timestamp NOT NULL)[0m
  ↳ db/migrate/20181212033734_create_people_table.rb:3
  [1m[36mActiveRecord::SchemaMigration Create (4.6ms)[0m  [1m[32mINSERT INTO "schema_migrations" ("version") VALUES ($1) RETURNING "version"[0m  [["version", "20181212033734"]]
  ↳ bin/rails:9
  [1m[35m (1.0ms)[0m  [1m[35mCOMMIT[0m
  ↳ bin/rails:9
  [1m[36mActiveRecord::InternalMetadata Load (2.0ms)[0m  [1m[34mSELECT  "ar_internal_metadata".* FROM "ar_internal_metadata" WHERE "ar_internal_metadata"."key" = $1 LIMIT $2[0m  [["key", "environment"], ["LIMIT", 1]]
  ↳ bin/rails:9
  [1m[35m (0.2ms)[0m  [1m[35mBEGIN[0m
  ↳ bin/rails:9
  [1m[36mActiveRecord::InternalMetadata Create (2.7ms)[0m  [1m[32mINSERT INTO "ar_internal_metadata" ("key", "value", "created_at", "updated_at") VALUES ($1, $2, $3, $4) RETURNING "key"[0m  [["key", "environment"], ["value", "development"], ["created_at", "2018-12-12 03:47:41.976636"], ["updated_at", "2018-12-12 03:47:41.976636"]]
  ↳ bin/rails:9
  [1m[35m (0.6ms)[0m  [1m[35mCOMMIT[0m
  ↳ bin/rails:9
  [1m[35m (0.6ms)[0m  [1m[34mSELECT pg_advisory_unlock(8115231331911518325)[0m
  ↳ bin/rails:9
  [1m[35m (0.9ms)[0m  [1m[34mSELECT "schema_migrations"."version" FROM "schema_migrations" ORDER BY "schema_migrations"."version" ASC[0m
  ↳ bin/rails:9
  [1m[35m (0.7ms)[0m  [1m[34mSELECT pg_try_advisory_lock(8115231331911518325)[0m
  ↳ bin/rails:9
  [1m[35m (1.4ms)[0m  [1m[34mSELECT "schema_migrations"."version" FROM "schema_migrations" ORDER BY "schema_migrations"."version" ASC[0m
  ↳ bin/rails:9
Migrating to CreateHouses (20181212034908)
  [1m[35m (0.6ms)[0m  [1m[35mBEGIN[0m
  ↳ bin/rails:9
  [1m[35m (15.5ms)[0m  [1m[35mCREATE TABLE "houses" ("id" bigserial primary key, "address" character varying NOT NULL, "created_at" timestamp NOT NULL, "updated_at" timestamp NOT NULL, "residents" character varying, "#<ActiveRecord::ConnectionAdapters::PostgreSQL::TableDefinition:0x00007f9c2feb8f70>" character varying)[0m
  ↳ db/migrate/20181212034908_create_houses.rb:3
  [1m[36mActiveRecord::SchemaMigration Create (1.7ms)[0m  [1m[32mINSERT INTO "schema_migrations" ("version") VALUES ($1) RETURNING "version"[0m  [["version", "20181212034908"]]
  ↳ bin/rails:9
  [1m[35m (1.2ms)[0m  [1m[35mCOMMIT[0m
  ↳ bin/rails:9
  [1m[36mActiveRecord::InternalMetadata Load (2.5ms)[0m  [1m[34mSELECT  "ar_internal_metadata".* FROM "ar_internal_metadata" WHERE "ar_internal_metadata"."key" = $1 LIMIT $2[0m  [["key", "environment"], ["LIMIT", 1]]
  ↳ bin/rails:9
  [1m[35m (0.2ms)[0m  [1m[35mBEGIN[0m
  ↳ bin/rails:9
  [1m[35m (0.2ms)[0m  [1m[35mCOMMIT[0m
  ↳ bin/rails:9
  [1m[35m (0.4ms)[0m  [1m[34mSELECT pg_advisory_unlock(8115231331911518325)[0m
  ↳ bin/rails:9
  [1m[35m (0.7ms)[0m  [1m[34mSELECT "schema_migrations"."version" FROM "schema_migrations" ORDER BY "schema_migrations"."version" ASC[0m
  ↳ bin/rails:9
  [1m[35m (0.2ms)[0m  [1m[35mBEGIN[0m
  [1m[36mHouse Create (5.3ms)[0m  [1m[32mINSERT INTO "houses" ("address", "created_at", "updated_at") VALUES ($1, $2, $3) RETURNING "id"[0m  [["address", "30 Westminster"], ["created_at", "2018-12-12 04:10:56.490917"], ["updated_at", "2018-12-12 04:10:56.490917"]]
  [1m[35m (0.9ms)[0m  [1m[35mCOMMIT[0m
  [1m[36mHouse Load (0.7ms)[0m  [1m[34mSELECT  "houses".* FROM "houses" ORDER BY "houses"."id" ASC LIMIT $1[0m  [["LIMIT", 1]]
  [1m[35m (0.2ms)[0m  [1m[35mBEGIN[0m
  [1m[36mHouse Load (0.5ms)[0m  [1m[34mSELECT  "houses".* FROM "houses" WHERE "houses"."id" = $1 LIMIT $2[0m  [["id", 1], ["LIMIT", 1]]
  [1m[36mPerson Create (2.1ms)[0m  [1m[32mINSERT INTO "people" ("name", "house_id", "created_at", "updated_at") VALUES ($1, $2, $3, $4) RETURNING "id"[0m  [["name", "Cameron"], ["house_id", 1], ["created_at", "2018-12-12 04:11:26.662072"], ["updated_at", "2018-12-12 04:11:26.662072"]]
  [1m[35m (1.4ms)[0m  [1m[35mCOMMIT[0m
  [1m[35m (0.3ms)[0m  [1m[35mBEGIN[0m
  [1m[36mHouse Create (0.7ms)[0m  [1m[32mINSERT INTO "houses" ("address", "created_at", "updated_at") VALUES ($1, $2, $3) RETURNING "id"[0m  [["address", "225 79th"], ["created_at", "2018-12-12 04:12:11.423499"], ["updated_at", "2018-12-12 04:12:11.423499"]]
  [1m[35m (10.9ms)[0m  [1m[35mCOMMIT[0m
  [1m[36mHouse Load (0.5ms)[0m  [1m[34mSELECT  "houses".* FROM "houses" ORDER BY "houses"."id" DESC LIMIT $1[0m  [["LIMIT", 1]]
  [1m[35m (0.2ms)[0m  [1m[35mBEGIN[0m
  [1m[36mHouse Load (0.6ms)[0m  [1m[34mSELECT  "houses".* FROM "houses" WHERE "houses"."id" = $1 LIMIT $2[0m  [["id", 2], ["LIMIT", 1]]
  [1m[36mPerson Create (0.5ms)[0m  [1m[32mINSERT INTO "people" ("name", "house_id", "created_at", "updated_at") VALUES ($1, $2, $3, $4) RETURNING "id"[0m  [["name", "Robbie"], ["house_id", 2], ["created_at", "2018-12-12 04:13:11.141226"], ["updated_at", "2018-12-12 04:13:11.141226"]]
  [1m[35m (0.5ms)[0m  [1m[35mCOMMIT[0m
  [1m[36mPerson Load (0.6ms)[0m  [1m[34mSELECT "people".* FROM "people"[0m
  [1m[36mHouse Load (0.9ms)[0m  [1m[34mSELECT "houses".* FROM "houses"[0m
  [1m[36mHouse Load (1.0ms)[0m  [1m[34mSELECT  "houses".* FROM "houses" WHERE "houses"."id" = $1 LIMIT $2[0m  [["id", 1], ["LIMIT", 1]]
  [1m[36mPerson Load (0.3ms)[0m  [1m[34mSELECT "people".* FROM "people" WHERE "people"."house_id" = $1[0m  [["house_id", 2]]
  [1m[35m (0.2ms)[0m  [1m[35mBEGIN[0m
  [1m[35m (0.3ms)[0m  [1m[31mROLLBACK[0m
  [1m[35m (0.2ms)[0m  [1m[35mBEGIN[0m
  [1m[36mHouse Create (0.5ms)[0m  [1m[32mINSERT INTO "houses" ("address", "created_at", "updated_at") VALUES ($1, $2, $3) RETURNING "id"[0m  [["address", "44 Strawberry Lane"], ["created_at", "2018-12-12 04:20:39.787734"], ["updated_at", "2018-12-12 04:20:39.787734"]]
  [1m[35m (0.6ms)[0m  [1m[35mCOMMIT[0m
  [1m[36mHouse Load (0.5ms)[0m  [1m[34mSELECT  "houses".* FROM "houses" ORDER BY "houses"."id" DESC LIMIT $1[0m  [["LIMIT", 1]]
  [1m[35m (0.2ms)[0m  [1m[35mBEGIN[0m
  [1m[36mHouse Load (0.4ms)[0m  [1m[34mSELECT  "houses".* FROM "houses" WHERE "houses"."id" = $1 LIMIT $2[0m  [["id", 3], ["LIMIT", 1]]
  [1m[36mPerson Create (0.6ms)[0m  [1m[32mINSERT INTO "people" ("name", "house_id", "created_at", "updated_at") VALUES ($1, $2, $3, $4) RETURNING "id"[0m  [["name", "Borpina"], ["house_id", 3], ["created_at", "2018-12-12 04:21:10.358950"], ["updated_at", "2018-12-12 04:21:10.358950"]]
  [1m[35m (0.8ms)[0m  [1m[35mCOMMIT[0m
  [1m[36mHouse Load (0.5ms)[0m  [1m[34mSELECT  "houses".* FROM "houses" ORDER BY "houses"."id" DESC LIMIT $1[0m  [["LIMIT", 1]]
  [1m[36mHouse Load (0.5ms)[0m  [1m[34mSELECT  "houses".* FROM "houses" ORDER BY "houses"."id" DESC LIMIT $1[0m  [["LIMIT", 1]]
  [1m[36mPerson Load (0.4ms)[0m  [1m[34mSELECT  "people".* FROM "people" ORDER BY "people"."id" DESC LIMIT $1[0m  [["LIMIT", 1]]
  [1m[36mHouse Load (1.0ms)[0m  [1m[34mSELECT "houses".* FROM "houses"[0m
  [1m[36mPerson Load (0.7ms)[0m  [1m[34mSELECT  "people".* FROM "people" ORDER BY "people"."id" DESC LIMIT $1[0m  [["LIMIT", 1]]
  [1m[36mPerson Load (0.8ms)[0m  [1m[34mSELECT  "people".* FROM "people" ORDER BY "people"."id" DESC LIMIT $1[0m  [["LIMIT", 1]]
  [1m[36mPerson Load (0.6ms)[0m  [1m[34mSELECT  "people".* FROM "people" ORDER BY "people"."id" DESC LIMIT $1[0m  [["LIMIT", 1]]
  [1m[36mHouse Load (1.0ms)[0m  [1m[34mSELECT  "houses".* FROM "houses" ORDER BY "houses"."id" DESC LIMIT $1[0m  [["LIMIT", 1]]
  [1m[36mPerson Load (0.5ms)[0m  [1m[34mSELECT  "people".* FROM "people" ORDER BY "people"."id" DESC LIMIT $1[0m  [["LIMIT", 1]]
  [1m[35m (0.3ms)[0m  [1m[35mBEGIN[0m
  [1m[36mHouse Load (0.4ms)[0m  [1m[34mSELECT  "houses".* FROM "houses" WHERE "houses"."id" = $1 LIMIT $2[0m  [["id", 3], ["LIMIT", 1]]
  [1m[35m (0.3ms)[0m  [1m[35mCOMMIT[0m
  [1m[36mHouse Load (0.4ms)[0m  [1m[34mSELECT  "houses".* FROM "houses" ORDER BY "houses"."id" DESC LIMIT $1[0m  [["LIMIT", 1]]
  [1m[35m (0.2ms)[0m  [1m[35mBEGIN[0m
  [1m[35m (0.2ms)[0m  [1m[35mCOMMIT[0m
  [1m[36mHouse Load (0.4ms)[0m  [1m[34mSELECT  "houses".* FROM "houses" ORDER BY "houses"."id" DESC LIMIT $1[0m  [["LIMIT", 1]]
  [1m[35m (0.3ms)[0m  [1m[35mBEGIN[0m
  [1m[36mHouse Load (1.1ms)[0m  [1m[34mSELECT  "houses".* FROM "houses" WHERE "houses"."id" = $1 LIMIT $2[0m  [["id", 3], ["LIMIT", 1]]
  [1m[36mPerson Create (1.4ms)[0m  [1m[32mINSERT INTO "people" ("name", "house_id", "created_at", "updated_at") VALUES ($1, $2, $3, $4) RETURNING "id"[0m  [["name", "Borpo"], ["house_id", 3], ["created_at", "2018-12-12 04:30:11.584138"], ["updated_at", "2018-12-12 04:30:11.584138"]]
  [1m[35m (1.2ms)[0m  [1m[35mCOMMIT[0m
  [1m[36mHouse Load (0.4ms)[0m  [1m[34mSELECT  "houses".* FROM "houses" ORDER BY "houses"."id" DESC LIMIT $1[0m  [["LIMIT", 1]]
